<?xml version="1.0" encoding="UTF-8"?>
<testng-results skipped="0" failed="0" ignored="0" total="1" passed="1">
  <reporter-output>
  </reporter-output>
  <suite name="Default suite" duration-ms="76" started-at="2021-10-22T12:36:16 EDT" finished-at="2021-10-22T12:36:17 EDT">
    <groups>
    </groups>
    <test name="Default test" duration-ms="76" started-at="2021-10-22T12:36:16 EDT" finished-at="2021-10-22T12:36:17 EDT">
      <class name="com.syntax.test.Privet">
        <test-method status="PASS" signature="hello()[pri:0, instance:com.syntax.test.Privet@2a17b7b6]" name="hello" duration-ms="13" started-at="2021-10-22T12:36:16 EDT" finished-at="2021-10-22T12:36:17 EDT">
          <reporter-output>
          </reporter-output>
        </test-method> <!-- hello -->
      </class> <!-- com.syntax.test.Privet -->
    </test> <!-- Default test -->
  </suite> <!-- Default suite -->
</testng-results>
