<?xml version="1.0" encoding="UTF-8"?>
<testng-results skipped="0" failed="0" ignored="0" total="1" passed="1">
  <reporter-output>
  </reporter-output>
  <suite name="Default suite" duration-ms="97" started-at="2020-09-02T11:11:53 EDT" finished-at="2020-09-02T11:11:53 EDT">
    <groups>
    </groups>
    <test name="Default test" duration-ms="97" started-at="2020-09-02T11:11:53 EDT" finished-at="2020-09-02T11:11:53 EDT">
      <class name="com.syntax.class11.TestNGtest">
        <test-method status="PASS" signature="hello()[pri:0, instance:com.syntax.class11.TestNGtest@7b49cea0]" name="hello" duration-ms="16" started-at="2020-09-02T11:11:53 EDT" finished-at="2020-09-02T11:11:53 EDT">
          <reporter-output>
          </reporter-output>
        </test-method> <!-- hello -->
      </class> <!-- com.syntax.class11.TestNGtest -->
    </test> <!-- Default test -->
  </suite> <!-- Default suite -->
</testng-results>
